Performing C SOURCE FILE Test CMAKE_HAVE_LIBC_PTHREAD failed with the following output:
Change Dir: /home/anas/SFND_Lidar_Obstacle_Detection/src/quiz/cluster/build/CMakeFiles/CMakeTmp

Run Build Command(s):/usr/bin/make cmTC_56c6d/fast && /usr/bin/make  -f CMakeFiles/cmTC_56c6d.dir/build.make CMakeFiles/cmTC_56c6d.dir/build
make[1]: Entering directory '/home/anas/SFND_Lidar_Obstacle_Detection/src/quiz/cluster/build/CMakeFiles/CMakeTmp'
Building C object CMakeFiles/cmTC_56c6d.dir/src.c.o
/usr/bin/cc   -DCMAKE_HAVE_LIBC_PTHREAD -o CMakeFiles/cmTC_56c6d.dir/src.c.o -c /home/anas/SFND_Lidar_Obstacle_Detection/src/quiz/cluster/build/CMakeFiles/CMakeTmp/src.c
Linking C executable cmTC_56c6d
/usr/bin/cmake -E cmake_link_script CMakeFiles/cmTC_56c6d.dir/link.txt --verbose=1
/usr/bin/cc  -DCMAKE_HAVE_LIBC_PTHREAD -rdynamic CMakeFiles/cmTC_56c6d.dir/src.c.o -o cmTC_56c6d 
CMakeFiles/cmTC_56c6d.dir/src.c.o: In function `main':
src.c:(.text+0x3e): undefined reference to `pthread_create'
src.c:(.text+0x4a): undefined reference to `pthread_detach'
src.c:(.text+0x56): undefined reference to `pthread_cancel'
src.c:(.text+0x67): undefined reference to `pthread_join'
src.c:(.text+0x7b): undefined reference to `pthread_atfork'
collect2: error: ld returned 1 exit status
CMakeFiles/cmTC_56c6d.dir/build.make:105: recipe for target 'cmTC_56c6d' failed
make[1]: *** [cmTC_56c6d] Error 1
make[1]: Leaving directory '/home/anas/SFND_Lidar_Obstacle_Detection/src/quiz/cluster/build/CMakeFiles/CMakeTmp'
Makefile:140: recipe for target 'cmTC_56c6d/fast' failed
make: *** [cmTC_56c6d/fast] Error 2


Source file was:
#include <pthread.h>

void* test_func(void* data)
{
  return data;
}

int main(void)
{
  pthread_t thread;
  pthread_create(&thread, NULL, test_func, NULL);
  pthread_detach(thread);
  pthread_cancel(thread);
  pthread_join(thread, NULL);
  pthread_atfork(NULL, NULL, NULL);
  pthread_exit(NULL);

  return 0;
}

Determining if the function pthread_create exists in the pthreads failed with the following output:
Change Dir: /home/anas/SFND_Lidar_Obstacle_Detection/src/quiz/cluster/build/CMakeFiles/CMakeTmp

Run Build Command(s):/usr/bin/make cmTC_cb38c/fast && /usr/bin/make  -f CMakeFiles/cmTC_cb38c.dir/build.make CMakeFiles/cmTC_cb38c.dir/build
make[1]: Entering directory '/home/anas/SFND_Lidar_Obstacle_Detection/src/quiz/cluster/build/CMakeFiles/CMakeTmp'
Building C object CMakeFiles/cmTC_cb38c.dir/CheckFunctionExists.c.o
/usr/bin/cc   -DCHECK_FUNCTION_EXISTS=pthread_create -o CMakeFiles/cmTC_cb38c.dir/CheckFunctionExists.c.o -c /usr/share/cmake-3.18/Modules/CheckFunctionExists.c
Linking C executable cmTC_cb38c
/usr/bin/cmake -E cmake_link_script CMakeFiles/cmTC_cb38c.dir/link.txt --verbose=1
/usr/bin/cc  -DCHECK_FUNCTION_EXISTS=pthread_create -rdynamic CMakeFiles/cmTC_cb38c.dir/CheckFunctionExists.c.o -o cmTC_cb38c  -lpthreads 
/usr/bin/ld: cannot find -lpthreads
collect2: error: ld returned 1 exit status
CMakeFiles/cmTC_cb38c.dir/build.make:105: recipe for target 'cmTC_cb38c' failed
make[1]: *** [cmTC_cb38c] Error 1
make[1]: Leaving directory '/home/anas/SFND_Lidar_Obstacle_Detection/src/quiz/cluster/build/CMakeFiles/CMakeTmp'
Makefile:140: recipe for target 'cmTC_cb38c/fast' failed
make: *** [cmTC_cb38c/fast] Error 2



